<?xml version="1.0" encoding="UTF-8"?>
<testng-results ignored="0" total="1" passed="1" failed="0" skipped="0">
  <reporter-output>
  </reporter-output>
  <suite started-at="2025-09-03T17:19:26 PKT" name="Default suite" finished-at="2025-09-03T17:19:52 PKT" duration-ms="26136">
    <groups>
    </groups>
    <test started-at="2025-09-03T17:19:26 PKT" name="Default test" finished-at="2025-09-03T17:19:52 PKT" duration-ms="26136">
      <class name="tests.LoginTest">
        <test-method is-config="true" signature="setup()[pri:0, instance:tests.LoginTest@14555e0a]" started-at="2025-09-03T17:19:26 PKT" name="setup" finished-at="2025-09-03T17:19:32 PKT" duration-ms="5212" status="PASS">
          <reporter-output>
          </reporter-output>
        </test-method> <!-- setup -->
        <test-method signature="testValidLogin()[pri:1, instance:tests.LoginTest@14555e0a]" started-at="2025-09-03T17:19:32 PKT" name="testValidLogin" finished-at="2025-09-03T17:19:52 PKT" duration-ms="20555" status="PASS">
          <reporter-output>
          </reporter-output>
        </test-method> <!-- testValidLogin -->
        <test-method is-config="true" signature="teardown()[pri:0, instance:tests.LoginTest@14555e0a]" started-at="2025-09-03T17:19:52 PKT" name="teardown" finished-at="2025-09-03T17:19:52 PKT" duration-ms="338" status="PASS">
          <reporter-output>
          </reporter-output>
        </test-method> <!-- teardown -->
      </class> <!-- tests.LoginTest -->
    </test> <!-- Default test -->
  </suite> <!-- Default suite -->
</testng-results>
