<?xml version="1.0" encoding="UTF-8"?>
<!-- Generated by org.testng.reporters.JUnitXMLReporter -->
<testsuite ignored="0" hostname="DESKTOP-4DD1PG7" failures="0" tests="3" name="Default test" time="123.535" errors="0" timestamp="2025-09-04T13:02:09 PKT">
  <testcase classname="tests.LoginTest" name="testLoginFromExcel" time="45.282"/>
  <testcase classname="tests.LoginTest" name="testLoginFromExcel" time="27.476"/>
  <testcase classname="tests.LoginTest" name="testLoginFromExcel" time="45.142"/>
</testsuite> <!-- Default test -->
