<?xml version="1.0" encoding="UTF-8"?>
<testng-results ignored="0" total="3" passed="3" failed="0" skipped="0">
  <reporter-output>
  </reporter-output>
  <suite started-at="2025-09-04T13:00:06 PKT" name="Default suite" finished-at="2025-09-04T13:02:09 PKT" duration-ms="123535">
    <groups>
    </groups>
    <test started-at="2025-09-04T13:00:06 PKT" name="Default test" finished-at="2025-09-04T13:02:09 PKT" duration-ms="123535">
      <class name="tests.LoginTest">
        <test-method is-config="true" signature="setup()[pri:0, instance:tests.LoginTest@56cdfb3b]" started-at="2025-09-04T13:00:06 PKT" name="setup" finished-at="2025-09-04T13:00:09 PKT" duration-ms="2844" status="PASS">
          <reporter-output>
          </reporter-output>
        </test-method> <!-- setup -->
        <test-method signature="testLoginFromExcel(java.lang.String,java.lang.String,java.lang.String)[pri:0, instance:tests.LoginTest@56cdfb3b]" started-at="2025-09-04T13:00:09 PKT" name="testLoginFromExcel" data-provider="loginData" finished-at="2025-09-04T13:00:55 PKT" duration-ms="45282" status="PASS">
          <params>
            <param index="0">
              <value>
                <![CDATA[mark@yopmail.com]]>
              </value>
            </param>
            <param index="1">
              <value>
                <![CDATA[Test@123]]>
              </value>
            </param>
            <param index="2">
              <value>
                <![CDATA[Pass]]>
              </value>
            </param>
          </params>
          <reporter-output>
          </reporter-output>
        </test-method> <!-- testLoginFromExcel -->
        <test-method is-config="true" signature="backToLoginScreen()[pri:0, instance:tests.LoginTest@56cdfb3b]" started-at="2025-09-04T13:00:55 PKT" name="backToLoginScreen" finished-at="2025-09-04T13:00:55 PKT" duration-ms="521" status="PASS">
          <reporter-output>
          </reporter-output>
        </test-method> <!-- backToLoginScreen -->
        <test-method signature="testLoginFromExcel(java.lang.String,java.lang.String,java.lang.String)[pri:0, instance:tests.LoginTest@56cdfb3b]" started-at="2025-09-04T13:00:55 PKT" name="testLoginFromExcel" data-provider="loginData" finished-at="2025-09-04T13:01:23 PKT" duration-ms="27476" status="PASS">
          <params>
            <param index="0">
              <value>
                <![CDATA[alison@yopmail.com]]>
              </value>
            </param>
            <param index="1">
              <value>
                <![CDATA[Test@123]]>
              </value>
            </param>
            <param index="2">
              <value>
                <![CDATA[Fail]]>
              </value>
            </param>
          </params>
          <reporter-output>
          </reporter-output>
        </test-method> <!-- testLoginFromExcel -->
        <test-method is-config="true" signature="backToLoginScreen()[pri:0, instance:tests.LoginTest@56cdfb3b]" started-at="2025-09-04T13:01:23 PKT" name="backToLoginScreen" finished-at="2025-09-04T13:01:23 PKT" duration-ms="473" status="PASS">
          <reporter-output>
          </reporter-output>
        </test-method> <!-- backToLoginScreen -->
        <test-method signature="testLoginFromExcel(java.lang.String,java.lang.String,java.lang.String)[pri:0, instance:tests.LoginTest@56cdfb3b]" started-at="2025-09-04T13:01:23 PKT" name="testLoginFromExcel" data-provider="loginData" finished-at="2025-09-04T13:02:08 PKT" duration-ms="45142" status="PASS">
          <params>
            <param index="0">
              <value>
                <![CDATA[mark@yopmail.com]]>
              </value>
            </param>
            <param index="1">
              <value>
                <![CDATA[Test]]>
              </value>
            </param>
            <param index="2">
              <value>
                <![CDATA[Fail]]>
              </value>
            </param>
          </params>
          <reporter-output>
          </reporter-output>
        </test-method> <!-- testLoginFromExcel -->
        <test-method is-config="true" signature="backToLoginScreen()[pri:0, instance:tests.LoginTest@56cdfb3b]" started-at="2025-09-04T13:02:08 PKT" name="backToLoginScreen" finished-at="2025-09-04T13:02:09 PKT" duration-ms="465" status="PASS">
          <reporter-output>
          </reporter-output>
        </test-method> <!-- backToLoginScreen -->
        <test-method is-config="true" signature="teardown()[pri:0, instance:tests.LoginTest@56cdfb3b]" started-at="2025-09-04T13:02:09 PKT" name="teardown" finished-at="2025-09-04T13:02:09 PKT" duration-ms="743" status="PASS">
          <reporter-output>
          </reporter-output>
        </test-method> <!-- teardown -->
      </class> <!-- tests.LoginTest -->
    </test> <!-- Default test -->
  </suite> <!-- Default suite -->
</testng-results>
